2026-04-05 22:11:11,671 | INFO | [L7_APPLICATION] | API_REQUEST_IN | Method: GET | Path: /api/v1/students/
2026-04-05 22:11:11,672 | INFO | [L6_PRESENTATION] | DE-ENCAPSULATION | Received Data PDU (Size: 0 bytes)
2026-04-05 22:11:11,673 | INFO | [L7_APPLICATION] | API_REQUEST_IN | Method: GET | Path: /api/v1/taxis/
2026-04-05 22:11:11,674 | INFO | [L6_PRESENTATION] | DE-ENCAPSULATION | Received Data PDU (Size: 0 bytes)
2026-04-05 22:11:11,675 | INFO | [L7_APPLICATION] | API_REQUEST_IN | Method: GET | Path: /api/v1/bicycles/
2026-04-05 22:11:11,675 | INFO | [L6_PRESENTATION] | DE-ENCAPSULATION | Received Data PDU (Size: 0 bytes)
2026-04-05 22:11:11,676 | INFO | [L7_APPLICATION] | API_REQUEST_IN | Method: GET | Path: /api/v1/students/
2026-04-05 22:11:11,677 | INFO | [L6_PRESENTATION] | DE-ENCAPSULATION | Received Data PDU (Size: 0 bytes)
2026-04-05 22:11:11,677 | INFO | [L7_APPLICATION] | API_REQUEST_IN | Method: GET | Path: /api/v1/bicycles/
2026-04-05 22:11:11,678 | INFO | [L6_PRESENTATION] | DE-ENCAPSULATION | Received Data PDU (Size: 0 bytes)
2026-04-05 22:11:11,679 | INFO | [L7_APPLICATION] | API_REQUEST_IN | Method: GET | Path: /api/v1/taxis/
2026-04-05 22:11:11,680 | INFO | [L6_PRESENTATION] | DE-ENCAPSULATION | Received Data PDU (Size: 0 bytes)
2026-04-05 22:11:11,681 | INFO | [L7_APPLICATION] | API_REQUEST_IN | Method: GET | Path: /api/v1/bicycles/
2026-04-05 22:11:11,681 | INFO | [L6_PRESENTATION] | DE-ENCAPSULATION | Received Data PDU (Size: 0 bytes)
2026-04-05 22:11:11,682 | INFO | [L7_APPLICATION] | API_REQUEST_IN | Method: GET | Path: /api/v1/students/
2026-04-05 22:11:11,683 | INFO | [L6_PRESENTATION] | DE-ENCAPSULATION | Received Data PDU (Size: 0 bytes)
2026-04-05 22:11:11,684 | INFO | [L7_APPLICATION] | API_REQUEST_IN | Method: GET | Path: /api/v1/buses/
2026-04-05 22:11:11,685 | INFO | [L6_PRESENTATION] | DE-ENCAPSULATION | Received Data PDU (Size: 0 bytes)
2026-04-05 22:11:11,686 | INFO | [L7_APPLICATION] | API_REQUEST_IN | Method: GET | Path: /api/v1/drivers/
2026-04-05 22:11:11,687 | INFO | [L6_PRESENTATION] | DE-ENCAPSULATION | Received Data PDU (Size: 0 bytes)
2026-04-05 22:11:11,688 | INFO | [L7_APPLICATION] | API_REQUEST_IN | Method: GET | Path: /api/v1/drivers/
2026-04-05 22:11:11,689 | INFO | [L6_PRESENTATION] | DE-ENCAPSULATION | Received Data PDU (Size: 0 bytes)
2026-04-05 22:11:11,693 | INFO | [L7_APPLICATION] | API_REQUEST_IN | Method: GET | Path: /api/v1/buses/
2026-04-05 22:11:11,698 | INFO | [L6_PRESENTATION] | DE-ENCAPSULATION | Received Data PDU (Size: 0 bytes)
2026-04-05 22:11:11,699 | INFO | [L7_APPLICATION] | API_REQUEST_IN | Method: GET | Path: /api/v1/taxis/
2026-04-05 22:11:11,700 | INFO | [L6_PRESENTATION] | DE-ENCAPSULATION | Received Data PDU (Size: 0 bytes)
2026-04-05 22:11:11,703 | INFO | [L7_APPLICATION] | API_REQUEST_IN | Method: GET | Path: /api/v1/drivers/
2026-04-05 22:11:11,706 | INFO | [L6_PRESENTATION] | DE-ENCAPSULATION | Received Data PDU (Size: 0 bytes)
2026-04-05 22:11:11,707 | INFO | [L7_APPLICATION] | API_REQUEST_IN | Method: GET | Path: /api/v1/students/
2026-04-05 22:11:11,708 | INFO | [L6_PRESENTATION] | DE-ENCAPSULATION | Received Data PDU (Size: 0 bytes)
2026-04-05 22:11:11,709 | INFO | [L7_APPLICATION] | API_REQUEST_IN | Method: GET | Path: /api/v1/drivers/
2026-04-05 22:11:11,712 | INFO | [L6_PRESENTATION] | DE-ENCAPSULATION | Received Data PDU (Size: 0 bytes)
2026-04-05 22:11:11,718 | INFO | [L7_APPLICATION] | API_REQUEST_IN | Method: GET | Path: /api/v1/drivers/
2026-04-05 22:11:11,719 | INFO | [L6_PRESENTATION] | DE-ENCAPSULATION | Received Data PDU (Size: 0 bytes)
2026-04-05 22:11:11,721 | INFO | [L7_APPLICATION] | API_REQUEST_IN | Method: GET | Path: /api/v1/taxis/
2026-04-05 22:11:11,722 | INFO | [L6_PRESENTATION] | DE-ENCAPSULATION | Received Data PDU (Size: 0 bytes)
2026-04-05 22:11:11,724 | INFO | [L7_APPLICATION] | API_REQUEST_IN | Method: GET | Path: /api/v1/taxis/
2026-04-05 22:11:11,725 | INFO | [L6_PRESENTATION] | DE-ENCAPSULATION | Received Data PDU (Size: 0 bytes)
2026-04-05 22:11:11,727 | INFO | [L7_APPLICATION] | API_REQUEST_IN | Method: GET | Path: /api/v1/bicycles/
2026-04-05 22:11:11,728 | INFO | [L6_PRESENTATION] | DE-ENCAPSULATION | Received Data PDU (Size: 0 bytes)
2026-04-05 22:11:11,729 | INFO | [L7_APPLICATION] | API_REQUEST_IN | Method: GET | Path: /api/v1/students/
2026-04-05 22:11:11,730 | INFO | [L6_PRESENTATION] | DE-ENCAPSULATION | Received Data PDU (Size: 0 bytes)
2026-04-05 22:11:11,731 | INFO | [L7_APPLICATION] | API_REQUEST_IN | Method: GET | Path: /api/v1/drivers/
2026-04-05 22:11:11,732 | INFO | [L6_PRESENTATION] | DE-ENCAPSULATION | Received Data PDU (Size: 0 bytes)
2026-04-05 22:11:11,734 | INFO | [L7_APPLICATION] | API_REQUEST_IN | Method: GET | Path: /api/v1/buses/
2026-04-05 22:11:11,737 | INFO | [L6_PRESENTATION] | DE-ENCAPSULATION | Received Data PDU (Size: 0 bytes)
2026-04-05 22:11:11,744 | INFO | [L7_APPLICATION] | API_REQUEST_IN | Method: GET | Path: /api/v1/buses/
2026-04-05 22:11:11,750 | INFO | [L6_PRESENTATION] | DE-ENCAPSULATION | Received Data PDU (Size: 0 bytes)
2026-04-05 22:11:11,775 | INFO | [DATABASE_LAYER] | ENDPOINT_CALL | GET /students/ - skip: 0, limit: 100
2026-04-05 22:11:11,776 | INFO | [DATABASE_LAYER] | SQL_QUERY | SELECT students OFFSET 0 LIMIT 100
2026-04-05 22:11:11,808 | INFO | [DATABASE_LAYER] | ENDPOINT_CALL | GET /taxis/ - skip: 0, limit: 100
2026-04-05 22:11:11,809 | INFO | [DATABASE_LAYER] | SQL_QUERY | SELECT taxis OFFSET 0 LIMIT 100
2026-04-05 22:11:11,819 | INFO | [DATABASE_LAYER] | ENDPOINT_CALL | GET /bicycles/ - skip: 0, limit: 100
2026-04-05 22:11:11,826 | INFO | [DATABASE_LAYER] | SQL_QUERY | SELECT bicycles OFFSET 0 LIMIT 100
2026-04-05 22:11:11,831 | INFO | [DATABASE_LAYER] | ENDPOINT_CALL | GET /students/ - skip: 0, limit: 100
2026-04-05 22:11:11,833 | INFO | [DATABASE_LAYER] | SQL_QUERY | SELECT students OFFSET 0 LIMIT 100
2026-04-05 22:11:11,852 | INFO | [DATABASE_LAYER] | ENDPOINT_CALL | GET /bicycles/ - skip: 0, limit: 100
2026-04-05 22:11:11,856 | INFO | [DATABASE_LAYER] | SQL_QUERY | SELECT bicycles OFFSET 0 LIMIT 100
2026-04-05 22:11:11,872 | INFO | [DATABASE_LAYER] | ENDPOINT_CALL | GET /taxis/ - skip: 0, limit: 100
2026-04-05 22:11:11,874 | INFO | [DATABASE_LAYER] | SQL_QUERY | SELECT taxis OFFSET 0 LIMIT 100
2026-04-05 22:11:11,889 | INFO | [DATABASE_LAYER] | ENDPOINT_CALL | GET /bicycles/ - skip: 0, limit: 100
2026-04-05 22:11:11,890 | INFO | [DATABASE_LAYER] | SQL_QUERY | SELECT bicycles OFFSET 0 LIMIT 100
2026-04-05 22:11:11,895 | INFO | [DATABASE_LAYER] | ENDPOINT_CALL | GET /students/ - skip: 0, limit: 100
2026-04-05 22:11:11,896 | INFO | [DATABASE_LAYER] | SQL_QUERY | SELECT students OFFSET 0 LIMIT 100
2026-04-05 22:11:11,909 | INFO | [DATABASE_LAYER] | ENDPOINT_CALL | GET /buses/ - skip: 0, limit: 100
2026-04-05 22:11:11,914 | INFO | [DATABASE_LAYER] | SQL_QUERY | SELECT buses OFFSET 0 LIMIT 100
2026-04-05 22:11:11,923 | INFO | [DATABASE_LAYER] | ENDPOINT_CALL | GET /drivers/ - skip: 0, limit: 100
2026-04-05 22:11:11,924 | INFO | [DATABASE_LAYER] | SQL_QUERY | SELECT drivers OFFSET 0 LIMIT 100
2026-04-05 22:11:11,937 | INFO | [DATABASE_LAYER] | ENDPOINT_CALL | GET /drivers/ - skip: 0, limit: 100
2026-04-05 22:11:11,939 | INFO | [DATABASE_LAYER] | SQL_QUERY | SELECT drivers OFFSET 0 LIMIT 100
2026-04-05 22:11:11,943 | INFO | [DATABASE_LAYER] | ENDPOINT_CALL | GET /buses/ - skip: 0, limit: 100
2026-04-05 22:11:11,946 | INFO | [DATABASE_LAYER] | SQL_QUERY | SELECT buses OFFSET 0 LIMIT 100
2026-04-05 22:11:11,967 | INFO | [DATABASE_LAYER] | ENDPOINT_CALL | GET /taxis/ - skip: 0, limit: 100
2026-04-05 22:11:11,969 | INFO | [DATABASE_LAYER] | SQL_QUERY | SELECT taxis OFFSET 0 LIMIT 100
2026-04-05 22:11:11,978 | INFO | [DATABASE_LAYER] | ENDPOINT_CALL | GET /drivers/ - skip: 0, limit: 100
2026-04-05 22:11:11,979 | INFO | [DATABASE_LAYER] | SQL_QUERY | SELECT drivers OFFSET 0 LIMIT 100
2026-04-05 22:11:11,987 | INFO | [DATABASE_LAYER] | ENDPOINT_CALL | GET /students/ - skip: 0, limit: 100
2026-04-05 22:11:11,993 | INFO | [DATABASE_LAYER] | SQL_QUERY | SELECT students OFFSET 0 LIMIT 100
2026-04-05 22:11:12,008 | INFO | [DATABASE_LAYER] | ENDPOINT_CALL | GET /drivers/ - skip: 0, limit: 100
2026-04-05 22:11:12,009 | INFO | [DATABASE_LAYER] | SQL_QUERY | SELECT drivers OFFSET 0 LIMIT 100
2026-04-05 22:11:12,012 | INFO | [DATABASE_LAYER] | ENDPOINT_CALL | GET /drivers/ - skip: 0, limit: 100
2026-04-05 22:11:12,016 | INFO | [DATABASE_LAYER] | SQL_QUERY | SELECT drivers OFFSET 0 LIMIT 100
2026-04-05 22:11:12,023 | INFO | [DATABASE_LAYER] | ENDPOINT_CALL | GET /taxis/ - skip: 0, limit: 100
2026-04-05 22:11:12,024 | INFO | [DATABASE_LAYER] | SQL_QUERY | SELECT taxis OFFSET 0 LIMIT 100
2026-04-05 22:11:12,026 | INFO | [DATABASE_LAYER] | ENDPOINT_CALL | GET /taxis/ - skip: 0, limit: 100
2026-04-05 22:11:12,027 | INFO | [DATABASE_LAYER] | SQL_QUERY | SELECT taxis OFFSET 0 LIMIT 100
2026-04-05 22:11:12,029 | INFO | [DATABASE_LAYER] | ENDPOINT_CALL | GET /bicycles/ - skip: 0, limit: 100
2026-04-05 22:11:12,030 | INFO | [DATABASE_LAYER] | SQL_QUERY | SELECT bicycles OFFSET 0 LIMIT 100
2026-04-05 22:11:12,039 | INFO | [DATABASE_LAYER] | ENDPOINT_CALL | GET /students/ - skip: 0, limit: 100
2026-04-05 22:11:12,042 | INFO | [DATABASE_LAYER] | SQL_QUERY | SELECT students OFFSET 0 LIMIT 100
2026-04-05 22:11:12,045 | INFO | [DATABASE_LAYER] | ENDPOINT_CALL | GET /drivers/ - skip: 0, limit: 100
2026-04-05 22:11:12,045 | INFO | [DATABASE_LAYER] | SQL_QUERY | SELECT drivers OFFSET 0 LIMIT 100
2026-04-05 22:11:12,047 | INFO | [DATABASE_LAYER] | ENDPOINT_CALL | GET /buses/ - skip: 0, limit: 100
2026-04-05 22:11:12,047 | INFO | [DATABASE_LAYER] | SQL_QUERY | SELECT buses OFFSET 0 LIMIT 100
2026-04-05 22:11:12,050 | INFO | [DATABASE_LAYER] | ENDPOINT_CALL | GET /buses/ - skip: 0, limit: 100
2026-04-05 22:11:12,050 | INFO | [DATABASE_LAYER] | SQL_QUERY | SELECT buses OFFSET 0 LIMIT 100
2026-04-05 22:11:12,075 | INFO | [L4_TRANSPORT] | SEGMENT_COMPLETE | Total RTT (Processing): 404.41ms | Status: 200
2026-04-05 22:11:12,102 | INFO | [L7_APPLICATION] | API_REQUEST_IN | Method: GET | Path: /api/v1/drivers/
2026-04-05 22:11:12,125 | INFO | [L6_PRESENTATION] | DE-ENCAPSULATION | Received Data PDU (Size: 0 bytes)
2026-04-05 22:11:12,145 | INFO | [DATABASE_LAYER] | ENDPOINT_CALL | GET /drivers/ - skip: 0, limit: 100
2026-04-05 22:11:12,224 | INFO | [DATABASE_LAYER] | SQL_QUERY | SELECT drivers OFFSET 0 LIMIT 100
2026-04-05 22:11:12,637 | INFO | [L4_TRANSPORT] | SEGMENT_COMPLETE | Total RTT (Processing): 927.94ms | Status: 200
2026-04-05 22:11:13,343 | INFO | [L4_TRANSPORT] | SEGMENT_COMPLETE | Total RTT (Processing): 1656.64ms | Status: 200
2026-04-05 22:11:13,345 | INFO | [L4_TRANSPORT] | SEGMENT_COMPLETE | Total RTT (Processing): 1670.27ms | Status: 200
2026-04-05 22:11:13,349 | INFO | [L4_TRANSPORT] | SEGMENT_COMPLETE | Total RTT (Processing): 1670.26ms | Status: 200
2026-04-05 22:11:13,350 | INFO | [L4_TRANSPORT] | SEGMENT_COMPLETE | Total RTT (Processing): 1669.27ms | Status: 200
2026-04-05 22:11:13,351 | INFO | [L4_TRANSPORT] | SEGMENT_COMPLETE | Total RTT (Processing): 1678.87ms | Status: 200
2026-04-05 22:11:13,351 | INFO | [L4_TRANSPORT] | SEGMENT_COMPLETE | Total RTT (Processing): 1667.26ms | Status: 200
2026-04-05 22:11:13,357 | INFO | [L4_TRANSPORT] | SEGMENT_COMPLETE | Total RTT (Processing): 1679.27ms | Status: 200
2026-04-05 22:11:13,358 | INFO | [L4_TRANSPORT] | SEGMENT_COMPLETE | Total RTT (Processing): 1676.27ms | Status: 200
2026-04-05 22:11:13,359 | INFO | [L4_TRANSPORT] | SEGMENT_COMPLETE | Total RTT (Processing): 1657.37ms | Status: 200
2026-04-05 22:11:13,360 | INFO | [L4_TRANSPORT] | SEGMENT_COMPLETE | Total RTT (Processing): 1684.27ms | Status: 200
2026-04-05 22:11:13,361 | INFO | [L4_TRANSPORT] | SEGMENT_COMPLETE | Total RTT (Processing): 1662.41ms | Status: 200
2026-04-05 22:11:13,362 | INFO | [L4_TRANSPORT] | SEGMENT_COMPLETE | Total RTT (Processing): 1669.39ms | Status: 200
2026-04-05 22:11:13,363 | INFO | [L4_TRANSPORT] | SEGMENT_COMPLETE | Total RTT (Processing): 1656.31ms | Status: 200
2026-04-05 22:11:13,364 | INFO | [L4_TRANSPORT] | SEGMENT_COMPLETE | Total RTT (Processing): 1676.27ms | Status: 200
2026-04-05 22:11:13,365 | INFO | [L4_TRANSPORT] | SEGMENT_COMPLETE | Total RTT (Processing): 1647.27ms | Status: 200
2026-04-05 22:11:13,380 | INFO | [L7_APPLICATION] | API_REQUEST_IN | Method: GET | Path: /api/v1/buses/
2026-04-05 22:11:13,382 | INFO | [L6_PRESENTATION] | DE-ENCAPSULATION | Received Data PDU (Size: 0 bytes)
2026-04-05 22:11:13,392 | INFO | [DATABASE_LAYER] | ENDPOINT_CALL | GET /buses/ - skip: 0, limit: 100
2026-04-05 22:11:13,392 | INFO | [DATABASE_LAYER] | SQL_QUERY | SELECT buses OFFSET 0 LIMIT 100
2026-04-05 22:11:13,395 | INFO | [L7_APPLICATION] | API_REQUEST_IN | Method: GET | Path: /api/v1/taxis/
2026-04-05 22:11:13,396 | INFO | [L6_PRESENTATION] | DE-ENCAPSULATION | Received Data PDU (Size: 0 bytes)
2026-04-05 22:11:13,413 | INFO | [DATABASE_LAYER] | ENDPOINT_CALL | GET /taxis/ - skip: 0, limit: 100
2026-04-05 22:11:13,415 | INFO | [DATABASE_LAYER] | SQL_QUERY | SELECT taxis OFFSET 0 LIMIT 100
2026-04-05 22:11:13,437 | INFO | [L4_TRANSPORT] | SEGMENT_COMPLETE | Total RTT (Processing): 1703.29ms | Status: 200
2026-04-05 22:11:13,467 | INFO | [L4_TRANSPORT] | SEGMENT_COMPLETE | Total RTT (Processing): 1745.41ms | Status: 200
2026-04-05 22:11:13,471 | INFO | [L4_TRANSPORT] | SEGMENT_COMPLETE | Total RTT (Processing): 1747.51ms | Status: 200
2026-04-05 22:11:13,472 | INFO | [L4_TRANSPORT] | SEGMENT_COMPLETE | Total RTT (Processing): 1741.46ms | Status: 200
2026-04-05 22:11:13,474 | INFO | [L4_TRANSPORT] | SEGMENT_COMPLETE | Total RTT (Processing): 1745.04ms | Status: 200
2026-04-05 22:11:13,475 | INFO | [L4_TRANSPORT] | SEGMENT_COMPLETE | Total RTT (Processing): 1748.03ms | Status: 200
2026-04-05 22:11:13,484 | INFO | [L4_TRANSPORT] | SEGMENT_COMPLETE | Total RTT (Processing): 1739.67ms | Status: 200
2026-04-05 22:11:13,485 | INFO | [L4_TRANSPORT] | SEGMENT_COMPLETE | Total RTT (Processing): 104.51ms | Status: 200
2026-04-05 22:11:13,487 | INFO | [L4_TRANSPORT] | SEGMENT_COMPLETE | Total RTT (Processing): 1384.87ms | Status: 200
2026-04-05 22:11:13,491 | INFO | [L7_APPLICATION] | API_REQUEST_IN | Method: GET | Path: /api/v1/bicycles/
2026-04-05 22:11:13,492 | INFO | [L6_PRESENTATION] | DE-ENCAPSULATION | Received Data PDU (Size: 0 bytes)
2026-04-05 22:11:13,498 | INFO | [DATABASE_LAYER] | ENDPOINT_CALL | GET /bicycles/ - skip: 0, limit: 100
2026-04-05 22:11:13,499 | INFO | [DATABASE_LAYER] | SQL_QUERY | SELECT bicycles OFFSET 0 LIMIT 100
2026-04-05 22:11:13,501 | INFO | [L4_TRANSPORT] | SEGMENT_COMPLETE | Total RTT (Processing): 106.10ms | Status: 200
2026-04-05 22:11:13,518 | INFO | [L4_TRANSPORT] | SEGMENT_COMPLETE | Total RTT (Processing): 27.34ms | Status: 200
2026-04-05 22:25:25,522 | INFO | [L7_APPLICATION] | API_REQUEST_IN | Method: GET | Path: /api/v1/students/
2026-04-05 22:25:25,524 | INFO | [L6_PRESENTATION] | DE-ENCAPSULATION | Received Data PDU (Size: 0 bytes)
2026-04-05 22:25:25,537 | INFO | [DATABASE_LAYER] | ENDPOINT_CALL | GET /students/ - skip: 0, limit: 100
2026-04-05 22:25:25,539 | INFO | [DATABASE_LAYER] | SQL_QUERY | SELECT students OFFSET 0 LIMIT 100
2026-04-05 22:25:25,544 | INFO | [L7_APPLICATION] | API_REQUEST_IN | Method: GET | Path: /api/v1/taxis/
2026-04-05 22:25:25,555 | INFO | [L6_PRESENTATION] | DE-ENCAPSULATION | Received Data PDU (Size: 0 bytes)
2026-04-05 22:25:25,557 | INFO | [L7_APPLICATION] | API_REQUEST_IN | Method: GET | Path: /api/v1/buses/
2026-04-05 22:25:25,559 | INFO | [L6_PRESENTATION] | DE-ENCAPSULATION | Received Data PDU (Size: 0 bytes)
2026-04-05 22:25:25,577 | INFO | [DATABASE_LAYER] | ENDPOINT_CALL | GET /taxis/ - skip: 0, limit: 100
2026-04-05 22:25:25,589 | INFO | [DATABASE_LAYER] | SQL_QUERY | SELECT taxis OFFSET 0 LIMIT 100
2026-04-05 22:25:25,606 | INFO | [DATABASE_LAYER] | ENDPOINT_CALL | GET /buses/ - skip: 0, limit: 100
2026-04-05 22:25:25,608 | INFO | [DATABASE_LAYER] | SQL_QUERY | SELECT buses OFFSET 0 LIMIT 100
2026-04-05 22:25:25,647 | INFO | [L7_APPLICATION] | API_REQUEST_IN | Method: GET | Path: /api/v1/drivers/
2026-04-05 22:25:25,650 | INFO | [L6_PRESENTATION] | DE-ENCAPSULATION | Received Data PDU (Size: 0 bytes)
2026-04-05 22:25:25,659 | INFO | [DATABASE_LAYER] | ENDPOINT_CALL | GET /drivers/ - skip: 0, limit: 100
2026-04-05 22:25:25,660 | INFO | [DATABASE_LAYER] | SQL_QUERY | SELECT drivers OFFSET 0 LIMIT 100
2026-04-05 22:25:25,717 | INFO | [L7_APPLICATION] | API_REQUEST_IN | Method: GET | Path: /api/v1/bicycles/
2026-04-05 22:25:25,764 | INFO | [L6_PRESENTATION] | DE-ENCAPSULATION | Received Data PDU (Size: 0 bytes)
2026-04-05 22:25:25,795 | INFO | [DATABASE_LAYER] | ENDPOINT_CALL | GET /bicycles/ - skip: 0, limit: 100
2026-04-05 22:25:25,797 | INFO | [DATABASE_LAYER] | SQL_QUERY | SELECT bicycles OFFSET 0 LIMIT 100
2026-04-05 22:25:25,827 | INFO | [L4_TRANSPORT] | SEGMENT_COMPLETE | Total RTT (Processing): 283.08ms | Status: 200
2026-04-05 22:25:25,846 | INFO | [L4_TRANSPORT] | SEGMENT_COMPLETE | Total RTT (Processing): 324.60ms | Status: 200
2026-04-05 22:25:25,870 | INFO | [L4_TRANSPORT] | SEGMENT_COMPLETE | Total RTT (Processing): 223.20ms | Status: 200
2026-04-05 22:25:25,920 | INFO | [L4_TRANSPORT] | SEGMENT_COMPLETE | Total RTT (Processing): 362.42ms | Status: 200
2026-04-05 22:25:26,002 | INFO | [L4_TRANSPORT] | SEGMENT_COMPLETE | Total RTT (Processing): 284.37ms | Status: 200
2026-04-05 22:25:29,727 | INFO | [L7_APPLICATION] | API_REQUEST_IN | Method: GET | Path: /api/v1/students/
2026-04-05 22:25:29,729 | INFO | [L6_PRESENTATION] | DE-ENCAPSULATION | Received Data PDU (Size: 0 bytes)
2026-04-05 22:25:29,730 | INFO | [DATABASE_LAYER] | ENDPOINT_CALL | GET /students/ - skip: 0, limit: 100
2026-04-05 22:25:29,731 | INFO | [DATABASE_LAYER] | SQL_QUERY | SELECT students OFFSET 0 LIMIT 100
2026-04-05 22:25:29,735 | INFO | [L7_APPLICATION] | API_REQUEST_IN | Method: GET | Path: /api/v1/taxis/
2026-04-05 22:25:29,736 | INFO | [L6_PRESENTATION] | DE-ENCAPSULATION | Received Data PDU (Size: 0 bytes)
2026-04-05 22:25:29,737 | INFO | [L7_APPLICATION] | API_REQUEST_IN | Method: GET | Path: /api/v1/buses/
2026-04-05 22:25:29,738 | INFO | [L6_PRESENTATION] | DE-ENCAPSULATION | Received Data PDU (Size: 0 bytes)
2026-04-05 22:25:29,739 | INFO | [L7_APPLICATION] | API_REQUEST_IN | Method: GET | Path: /api/v1/drivers/
2026-04-05 22:25:29,740 | INFO | [L6_PRESENTATION] | DE-ENCAPSULATION | Received Data PDU (Size: 0 bytes)
2026-04-05 22:25:29,742 | INFO | [DATABASE_LAYER] | ENDPOINT_CALL | GET /taxis/ - skip: 0, limit: 100
2026-04-05 22:25:29,743 | INFO | [DATABASE_LAYER] | SQL_QUERY | SELECT taxis OFFSET 0 LIMIT 100
2026-04-05 22:25:29,746 | INFO | [DATABASE_LAYER] | ENDPOINT_CALL | GET /buses/ - skip: 0, limit: 100
2026-04-05 22:25:29,747 | INFO | [DATABASE_LAYER] | SQL_QUERY | SELECT buses OFFSET 0 LIMIT 100
2026-04-05 22:25:29,748 | INFO | [DATABASE_LAYER] | ENDPOINT_CALL | GET /drivers/ - skip: 0, limit: 100
2026-04-05 22:25:29,749 | INFO | [DATABASE_LAYER] | SQL_QUERY | SELECT drivers OFFSET 0 LIMIT 100
2026-04-05 22:25:29,751 | INFO | [L7_APPLICATION] | API_REQUEST_IN | Method: GET | Path: /api/v1/bicycles/
2026-04-05 22:25:29,752 | INFO | [L6_PRESENTATION] | DE-ENCAPSULATION | Received Data PDU (Size: 0 bytes)
2026-04-05 22:25:29,753 | INFO | [DATABASE_LAYER] | ENDPOINT_CALL | GET /bicycles/ - skip: 0, limit: 100
2026-04-05 22:25:29,754 | INFO | [DATABASE_LAYER] | SQL_QUERY | SELECT bicycles OFFSET 0 LIMIT 100
2026-04-05 22:25:29,757 | INFO | [L4_TRANSPORT] | SEGMENT_COMPLETE | Total RTT (Processing): 6.00ms | Status: 200
2026-04-05 22:25:29,763 | INFO | [L4_TRANSPORT] | SEGMENT_COMPLETE | Total RTT (Processing): 23.69ms | Status: 200
2026-04-05 22:25:29,764 | INFO | [L4_TRANSPORT] | SEGMENT_COMPLETE | Total RTT (Processing): 26.69ms | Status: 200
2026-04-05 22:25:29,765 | INFO | [L4_TRANSPORT] | SEGMENT_COMPLETE | Total RTT (Processing): 37.35ms | Status: 200
2026-04-05 22:25:29,767 | INFO | [L4_TRANSPORT] | SEGMENT_COMPLETE | Total RTT (Processing): 31.70ms | Status: 200
2026-04-05 22:25:29,775 | INFO | [L7_APPLICATION] | API_REQUEST_IN | Method: GET | Path: /api/v1/bicycles/
2026-04-05 22:25:29,776 | INFO | [L6_PRESENTATION] | DE-ENCAPSULATION | Received Data PDU (Size: 0 bytes)
2026-04-05 22:25:29,778 | INFO | [DATABASE_LAYER] | ENDPOINT_CALL | GET /bicycles/ - skip: 0, limit: 100
2026-04-05 22:25:29,779 | INFO | [DATABASE_LAYER] | SQL_QUERY | SELECT bicycles OFFSET 0 LIMIT 100
2026-04-05 22:25:29,780 | INFO | [L7_APPLICATION] | API_REQUEST_IN | Method: GET | Path: /api/v1/drivers/
2026-04-05 22:25:29,781 | INFO | [L6_PRESENTATION] | DE-ENCAPSULATION | Received Data PDU (Size: 0 bytes)
2026-04-05 22:25:29,783 | INFO | [DATABASE_LAYER] | ENDPOINT_CALL | GET /drivers/ - skip: 0, limit: 100
2026-04-05 22:25:29,783 | INFO | [DATABASE_LAYER] | SQL_QUERY | SELECT drivers OFFSET 0 LIMIT 100
2026-04-05 22:25:29,785 | INFO | [L7_APPLICATION] | API_REQUEST_IN | Method: GET | Path: /api/v1/buses/
2026-04-05 22:25:29,786 | INFO | [L6_PRESENTATION] | DE-ENCAPSULATION | Received Data PDU (Size: 0 bytes)
2026-04-05 22:25:29,787 | INFO | [L7_APPLICATION] | API_REQUEST_IN | Method: GET | Path: /api/v1/students/
2026-04-05 22:25:29,787 | INFO | [L6_PRESENTATION] | DE-ENCAPSULATION | Received Data PDU (Size: 0 bytes)
2026-04-05 22:25:29,788 | INFO | [L7_APPLICATION] | API_REQUEST_IN | Method: GET | Path: /api/v1/taxis/
2026-04-05 22:25:29,788 | INFO | [L6_PRESENTATION] | DE-ENCAPSULATION | Received Data PDU (Size: 0 bytes)
2026-04-05 22:25:29,790 | INFO | [DATABASE_LAYER] | ENDPOINT_CALL | GET /buses/ - skip: 0, limit: 100
2026-04-05 22:25:29,790 | INFO | [DATABASE_LAYER] | SQL_QUERY | SELECT buses OFFSET 0 LIMIT 100
2026-04-05 22:25:29,791 | INFO | [DATABASE_LAYER] | ENDPOINT_CALL | GET /students/ - skip: 0, limit: 100
2026-04-05 22:25:29,792 | INFO | [DATABASE_LAYER] | SQL_QUERY | SELECT students OFFSET 0 LIMIT 100
2026-04-05 22:25:29,795 | INFO | [DATABASE_LAYER] | ENDPOINT_CALL | GET /taxis/ - skip: 0, limit: 100
2026-04-05 22:25:29,796 | INFO | [DATABASE_LAYER] | SQL_QUERY | SELECT taxis OFFSET 0 LIMIT 100
2026-04-05 22:25:29,799 | INFO | [L4_TRANSPORT] | SEGMENT_COMPLETE | Total RTT (Processing): 24.00ms | Status: 200
2026-04-05 22:25:29,802 | INFO | [L4_TRANSPORT] | SEGMENT_COMPLETE | Total RTT (Processing): 22.00ms | Status: 200
2026-04-05 22:25:29,803 | INFO | [L4_TRANSPORT] | SEGMENT_COMPLETE | Total RTT (Processing): 18.00ms | Status: 200
2026-04-05 22:25:29,804 | INFO | [L4_TRANSPORT] | SEGMENT_COMPLETE | Total RTT (Processing): 17.00ms | Status: 200
2026-04-05 22:25:29,805 | INFO | [L4_TRANSPORT] | SEGMENT_COMPLETE | Total RTT (Processing): 17.00ms | Status: 200
2026-04-05 22:26:18,738 | INFO | [L7_APPLICATION] | API_REQUEST_IN | Method: GET | Path: /api/v1/students/
2026-04-05 22:26:18,739 | INFO | [L6_PRESENTATION] | DE-ENCAPSULATION | Received Data PDU (Size: 0 bytes)
2026-04-05 22:26:18,740 | INFO | [DATABASE_LAYER] | ENDPOINT_CALL | GET /students/ - skip: 0, limit: 100
2026-04-05 22:26:18,740 | INFO | [DATABASE_LAYER] | SQL_QUERY | SELECT students OFFSET 0 LIMIT 100
2026-04-05 22:26:18,745 | INFO | [L7_APPLICATION] | API_REQUEST_IN | Method: GET | Path: /api/v1/taxis/
2026-04-05 22:26:18,745 | INFO | [L6_PRESENTATION] | DE-ENCAPSULATION | Received Data PDU (Size: 0 bytes)
2026-04-05 22:26:18,746 | INFO | [L7_APPLICATION] | API_REQUEST_IN | Method: GET | Path: /api/v1/buses/
2026-04-05 22:26:18,747 | INFO | [L6_PRESENTATION] | DE-ENCAPSULATION | Received Data PDU (Size: 0 bytes)
2026-04-05 22:26:18,747 | INFO | [L7_APPLICATION] | API_REQUEST_IN | Method: GET | Path: /api/v1/bicycles/
2026-04-05 22:26:18,748 | INFO | [L6_PRESENTATION] | DE-ENCAPSULATION | Received Data PDU (Size: 0 bytes)
2026-04-05 22:26:18,749 | INFO | [L7_APPLICATION] | API_REQUEST_IN | Method: GET | Path: /api/v1/drivers/
2026-04-05 22:26:18,749 | INFO | [L6_PRESENTATION] | DE-ENCAPSULATION | Received Data PDU (Size: 0 bytes)
2026-04-05 22:26:18,751 | INFO | [DATABASE_LAYER] | ENDPOINT_CALL | GET /taxis/ - skip: 0, limit: 100
2026-04-05 22:26:18,752 | INFO | [DATABASE_LAYER] | SQL_QUERY | SELECT taxis OFFSET 0 LIMIT 100
2026-04-05 22:26:18,755 | INFO | [DATABASE_LAYER] | ENDPOINT_CALL | GET /buses/ - skip: 0, limit: 100
2026-04-05 22:26:18,756 | INFO | [DATABASE_LAYER] | SQL_QUERY | SELECT buses OFFSET 0 LIMIT 100
2026-04-05 22:26:18,759 | INFO | [DATABASE_LAYER] | ENDPOINT_CALL | GET /bicycles/ - skip: 0, limit: 100
2026-04-05 22:26:18,759 | INFO | [DATABASE_LAYER] | SQL_QUERY | SELECT bicycles OFFSET 0 LIMIT 100
2026-04-05 22:26:18,761 | INFO | [DATABASE_LAYER] | ENDPOINT_CALL | GET /drivers/ - skip: 0, limit: 100
2026-04-05 22:26:18,762 | INFO | [DATABASE_LAYER] | SQL_QUERY | SELECT drivers OFFSET 0 LIMIT 100
2026-04-05 22:26:18,765 | INFO | [L4_TRANSPORT] | SEGMENT_COMPLETE | Total RTT (Processing): 27.56ms | Status: 200
2026-04-05 22:26:18,769 | INFO | [L4_TRANSPORT] | SEGMENT_COMPLETE | Total RTT (Processing): 24.57ms | Status: 200
2026-04-05 22:26:18,770 | INFO | [L4_TRANSPORT] | SEGMENT_COMPLETE | Total RTT (Processing): 24.57ms | Status: 200
2026-04-05 22:26:18,771 | INFO | [L4_TRANSPORT] | SEGMENT_COMPLETE | Total RTT (Processing): 24.58ms | Status: 200
2026-04-05 22:26:18,780 | INFO | [L4_TRANSPORT] | SEGMENT_COMPLETE | Total RTT (Processing): 30.57ms | Status: 200
2026-04-05 22:26:35,151 | INFO | [L7_APPLICATION] | API_REQUEST_IN | Method: GET | Path: /api/v1/students/
2026-04-05 22:26:35,158 | INFO | [L6_PRESENTATION] | DE-ENCAPSULATION | Received Data PDU (Size: 0 bytes)
2026-04-05 22:26:35,163 | INFO | [DATABASE_LAYER] | ENDPOINT_CALL | GET /students/ - skip: 0, limit: 100
2026-04-05 22:26:35,165 | INFO | [DATABASE_LAYER] | SQL_QUERY | SELECT students OFFSET 0 LIMIT 100
2026-04-05 22:26:35,194 | INFO | [L7_APPLICATION] | API_REQUEST_IN | Method: GET | Path: /api/v1/bicycles/
2026-04-05 22:26:35,206 | INFO | [L6_PRESENTATION] | DE-ENCAPSULATION | Received Data PDU (Size: 0 bytes)
2026-04-05 22:26:35,208 | INFO | [L7_APPLICATION] | API_REQUEST_IN | Method: GET | Path: /api/v1/drivers/
2026-04-05 22:26:35,210 | INFO | [L6_PRESENTATION] | DE-ENCAPSULATION | Received Data PDU (Size: 0 bytes)
2026-04-05 22:26:35,221 | INFO | [L7_APPLICATION] | API_REQUEST_IN | Method: GET | Path: /api/v1/taxis/
2026-04-05 22:26:35,225 | INFO | [L6_PRESENTATION] | DE-ENCAPSULATION | Received Data PDU (Size: 0 bytes)
2026-04-05 22:26:35,228 | INFO | [L7_APPLICATION] | API_REQUEST_IN | Method: GET | Path: /api/v1/buses/
2026-04-05 22:26:35,230 | INFO | [L6_PRESENTATION] | DE-ENCAPSULATION | Received Data PDU (Size: 0 bytes)
2026-04-05 22:26:35,244 | INFO | [DATABASE_LAYER] | ENDPOINT_CALL | GET /bicycles/ - skip: 0, limit: 100
2026-04-05 22:26:35,245 | INFO | [DATABASE_LAYER] | SQL_QUERY | SELECT bicycles OFFSET 0 LIMIT 100
2026-04-05 22:26:35,272 | INFO | [DATABASE_LAYER] | ENDPOINT_CALL | GET /drivers/ - skip: 0, limit: 100
2026-04-05 22:26:35,278 | INFO | [DATABASE_LAYER] | SQL_QUERY | SELECT drivers OFFSET 0 LIMIT 100
2026-04-05 22:26:35,285 | INFO | [DATABASE_LAYER] | ENDPOINT_CALL | GET /taxis/ - skip: 0, limit: 100
2026-04-05 22:26:35,288 | INFO | [DATABASE_LAYER] | SQL_QUERY | SELECT taxis OFFSET 0 LIMIT 100
2026-04-05 22:26:35,310 | INFO | [DATABASE_LAYER] | ENDPOINT_CALL | GET /buses/ - skip: 0, limit: 100
2026-04-05 22:26:35,329 | INFO | [DATABASE_LAYER] | SQL_QUERY | SELECT buses OFFSET 0 LIMIT 100
2026-04-05 22:26:35,385 | INFO | [L4_TRANSPORT] | SEGMENT_COMPLETE | Total RTT (Processing): 233.64ms | Status: 200
2026-04-05 22:26:35,444 | INFO | [L4_TRANSPORT] | SEGMENT_COMPLETE | Total RTT (Processing): 249.92ms | Status: 200
2026-04-05 22:26:35,463 | INFO | [L4_TRANSPORT] | SEGMENT_COMPLETE | Total RTT (Processing): 255.46ms | Status: 200
2026-04-05 22:26:35,476 | INFO | [L4_TRANSPORT] | SEGMENT_COMPLETE | Total RTT (Processing): 255.45ms | Status: 200
2026-04-05 22:26:35,484 | INFO | [L4_TRANSPORT] | SEGMENT_COMPLETE | Total RTT (Processing): 256.25ms | Status: 200
2026-04-05 22:26:35,579 | INFO | [L7_APPLICATION] | API_REQUEST_IN | Method: GET | Path: /api/v1/students/
2026-04-05 22:26:35,604 | INFO | [L6_PRESENTATION] | DE-ENCAPSULATION | Received Data PDU (Size: 0 bytes)
2026-04-05 22:26:35,645 | INFO | [DATABASE_LAYER] | ENDPOINT_CALL | GET /students/ - skip: 0, limit: 100
2026-04-05 22:26:35,647 | INFO | [DATABASE_LAYER] | SQL_QUERY | SELECT students OFFSET 0 LIMIT 100
2026-04-05 22:26:35,679 | INFO | [L7_APPLICATION] | API_REQUEST_IN | Method: GET | Path: /api/v1/bicycles/
2026-04-05 22:26:35,696 | INFO | [L6_PRESENTATION] | DE-ENCAPSULATION | Received Data PDU (Size: 0 bytes)
2026-04-05 22:26:35,741 | INFO | [DATABASE_LAYER] | ENDPOINT_CALL | GET /bicycles/ - skip: 0, limit: 100
2026-04-05 22:26:35,752 | INFO | [DATABASE_LAYER] | SQL_QUERY | SELECT bicycles OFFSET 0 LIMIT 100
2026-04-05 22:26:35,835 | INFO | [L7_APPLICATION] | API_REQUEST_IN | Method: GET | Path: /api/v1/drivers/
2026-04-05 22:26:35,860 | INFO | [L6_PRESENTATION] | DE-ENCAPSULATION | Received Data PDU (Size: 0 bytes)
2026-04-05 22:26:35,863 | INFO | [L7_APPLICATION] | API_REQUEST_IN | Method: GET | Path: /api/v1/taxis/
2026-04-05 22:26:35,867 | INFO | [L6_PRESENTATION] | DE-ENCAPSULATION | Received Data PDU (Size: 0 bytes)
2026-04-05 22:26:35,904 | INFO | [L7_APPLICATION] | API_REQUEST_IN | Method: GET | Path: /api/v1/buses/
2026-04-05 22:26:35,931 | INFO | [L6_PRESENTATION] | DE-ENCAPSULATION | Received Data PDU (Size: 0 bytes)
2026-04-05 22:26:35,950 | INFO | [DATABASE_LAYER] | ENDPOINT_CALL | GET /drivers/ - skip: 0, limit: 100
2026-04-05 22:26:35,961 | INFO | [DATABASE_LAYER] | SQL_QUERY | SELECT drivers OFFSET 0 LIMIT 100
2026-04-05 22:26:36,018 | INFO | [DATABASE_LAYER] | ENDPOINT_CALL | GET /taxis/ - skip: 0, limit: 100
2026-04-05 22:26:36,045 | INFO | [DATABASE_LAYER] | SQL_QUERY | SELECT taxis OFFSET 0 LIMIT 100
2026-04-05 22:26:36,062 | INFO | [DATABASE_LAYER] | ENDPOINT_CALL | GET /buses/ - skip: 0, limit: 100
2026-04-05 22:26:36,090 | INFO | [DATABASE_LAYER] | SQL_QUERY | SELECT buses OFFSET 0 LIMIT 100
2026-04-05 22:26:36,111 | INFO | [L4_TRANSPORT] | SEGMENT_COMPLETE | Total RTT (Processing): 532.64ms | Status: 200
2026-04-05 22:26:36,129 | INFO | [L4_TRANSPORT] | SEGMENT_COMPLETE | Total RTT (Processing): 450.88ms | Status: 200
2026-04-05 22:26:36,154 | INFO | [L4_TRANSPORT] | SEGMENT_COMPLETE | Total RTT (Processing): 287.33ms | Status: 200
2026-04-05 22:26:36,180 | INFO | [L4_TRANSPORT] | SEGMENT_COMPLETE | Total RTT (Processing): 346.34ms | Status: 200
2026-04-05 22:26:36,226 | INFO | [L4_TRANSPORT] | SEGMENT_COMPLETE | Total RTT (Processing): 322.84ms | Status: 200
2026-04-05 22:26:39,087 | INFO | [L7_APPLICATION] | API_REQUEST_IN | Method: GET | Path: /api/v1/students/
2026-04-05 22:26:39,088 | INFO | [L6_PRESENTATION] | DE-ENCAPSULATION | Received Data PDU (Size: 0 bytes)
2026-04-05 22:26:39,090 | INFO | [DATABASE_LAYER] | ENDPOINT_CALL | GET /students/ - skip: 0, limit: 100
2026-04-05 22:26:39,091 | INFO | [DATABASE_LAYER] | SQL_QUERY | SELECT students OFFSET 0 LIMIT 100
2026-04-05 22:26:39,096 | INFO | [L7_APPLICATION] | API_REQUEST_IN | Method: GET | Path: /api/v1/drivers/
2026-04-05 22:26:39,096 | INFO | [L6_PRESENTATION] | DE-ENCAPSULATION | Received Data PDU (Size: 0 bytes)
2026-04-05 22:26:39,098 | INFO | [L7_APPLICATION] | API_REQUEST_IN | Method: GET | Path: /api/v1/bicycles/
2026-04-05 22:26:39,099 | INFO | [L6_PRESENTATION] | DE-ENCAPSULATION | Received Data PDU (Size: 0 bytes)
2026-04-05 22:26:39,100 | INFO | [L7_APPLICATION] | API_REQUEST_IN | Method: GET | Path: /api/v1/taxis/
2026-04-05 22:26:39,101 | INFO | [L6_PRESENTATION] | DE-ENCAPSULATION | Received Data PDU (Size: 0 bytes)
2026-04-05 22:26:39,102 | INFO | [L7_APPLICATION] | API_REQUEST_IN | Method: GET | Path: /api/v1/buses/
2026-04-05 22:26:39,103 | INFO | [L6_PRESENTATION] | DE-ENCAPSULATION | Received Data PDU (Size: 0 bytes)
2026-04-05 22:26:39,105 | INFO | [DATABASE_LAYER] | ENDPOINT_CALL | GET /drivers/ - skip: 0, limit: 100
2026-04-05 22:26:39,106 | INFO | [DATABASE_LAYER] | SQL_QUERY | SELECT drivers OFFSET 0 LIMIT 100
2026-04-05 22:26:39,108 | INFO | [DATABASE_LAYER] | ENDPOINT_CALL | GET /bicycles/ - skip: 0, limit: 100
2026-04-05 22:26:39,109 | INFO | [DATABASE_LAYER] | SQL_QUERY | SELECT bicycles OFFSET 0 LIMIT 100
2026-04-05 22:26:39,111 | INFO | [DATABASE_LAYER] | ENDPOINT_CALL | GET /taxis/ - skip: 0, limit: 100
2026-04-05 22:26:39,112 | INFO | [DATABASE_LAYER] | SQL_QUERY | SELECT taxis OFFSET 0 LIMIT 100
2026-04-05 22:26:39,115 | INFO | [DATABASE_LAYER] | ENDPOINT_CALL | GET /buses/ - skip: 0, limit: 100
2026-04-05 22:26:39,116 | INFO | [DATABASE_LAYER] | SQL_QUERY | SELECT buses OFFSET 0 LIMIT 100
2026-04-05 22:26:39,120 | INFO | [L4_TRANSPORT] | SEGMENT_COMPLETE | Total RTT (Processing): 31.54ms | Status: 200
2026-04-05 22:26:39,123 | INFO | [L4_TRANSPORT] | SEGMENT_COMPLETE | Total RTT (Processing): 27.53ms | Status: 200
2026-04-05 22:26:39,124 | INFO | [L4_TRANSPORT] | SEGMENT_COMPLETE | Total RTT (Processing): 23.54ms | Status: 200
2026-04-05 22:26:39,125 | INFO | [L4_TRANSPORT] | SEGMENT_COMPLETE | Total RTT (Processing): 26.54ms | Status: 200
2026-04-05 22:26:39,126 | INFO | [L4_TRANSPORT] | SEGMENT_COMPLETE | Total RTT (Processing): 23.54ms | Status: 200
2026-04-05 22:26:39,135 | INFO | [L7_APPLICATION] | API_REQUEST_IN | Method: GET | Path: /api/v1/students/
2026-04-05 22:26:39,136 | INFO | [L6_PRESENTATION] | DE-ENCAPSULATION | Received Data PDU (Size: 0 bytes)
2026-04-05 22:26:39,139 | INFO | [DATABASE_LAYER] | ENDPOINT_CALL | GET /students/ - skip: 0, limit: 100
2026-04-05 22:26:39,140 | INFO | [DATABASE_LAYER] | SQL_QUERY | SELECT students OFFSET 0 LIMIT 100
2026-04-05 22:26:39,143 | INFO | [L7_APPLICATION] | API_REQUEST_IN | Method: GET | Path: /api/v1/drivers/
2026-04-05 22:26:39,144 | INFO | [L6_PRESENTATION] | DE-ENCAPSULATION | Received Data PDU (Size: 0 bytes)
2026-04-05 22:26:39,148 | INFO | [DATABASE_LAYER] | ENDPOINT_CALL | GET /drivers/ - skip: 0, limit: 100
2026-04-05 22:26:39,149 | INFO | [DATABASE_LAYER] | SQL_QUERY | SELECT drivers OFFSET 0 LIMIT 100
2026-04-05 22:26:39,154 | INFO | [L7_APPLICATION] | API_REQUEST_IN | Method: GET | Path: /api/v1/taxis/
2026-04-05 22:26:39,155 | INFO | [L6_PRESENTATION] | DE-ENCAPSULATION | Received Data PDU (Size: 0 bytes)
2026-04-05 22:26:39,157 | INFO | [L7_APPLICATION] | API_REQUEST_IN | Method: GET | Path: /api/v1/buses/
2026-04-05 22:26:39,158 | INFO | [L6_PRESENTATION] | DE-ENCAPSULATION | Received Data PDU (Size: 0 bytes)
2026-04-05 22:26:39,159 | INFO | [L7_APPLICATION] | API_REQUEST_IN | Method: GET | Path: /api/v1/bicycles/
2026-04-05 22:26:39,160 | INFO | [L6_PRESENTATION] | DE-ENCAPSULATION | Received Data PDU (Size: 0 bytes)
2026-04-05 22:26:39,162 | INFO | [DATABASE_LAYER] | ENDPOINT_CALL | GET /taxis/ - skip: 0, limit: 100
2026-04-05 22:26:39,163 | INFO | [DATABASE_LAYER] | SQL_QUERY | SELECT taxis OFFSET 0 LIMIT 100
2026-04-05 22:26:39,165 | INFO | [DATABASE_LAYER] | ENDPOINT_CALL | GET /buses/ - skip: 0, limit: 100
2026-04-05 22:26:39,166 | INFO | [DATABASE_LAYER] | SQL_QUERY | SELECT buses OFFSET 0 LIMIT 100
2026-04-05 22:26:39,169 | INFO | [DATABASE_LAYER] | ENDPOINT_CALL | GET /bicycles/ - skip: 0, limit: 100
2026-04-05 22:26:39,169 | INFO | [DATABASE_LAYER] | SQL_QUERY | SELECT bicycles OFFSET 0 LIMIT 100
2026-04-05 22:26:39,173 | INFO | [L4_TRANSPORT] | SEGMENT_COMPLETE | Total RTT (Processing): 38.08ms | Status: 200
2026-04-05 22:26:39,177 | INFO | [L4_TRANSPORT] | SEGMENT_COMPLETE | Total RTT (Processing): 34.24ms | Status: 200
2026-04-05 22:26:39,191 | INFO | [L4_TRANSPORT] | SEGMENT_COMPLETE | Total RTT (Processing): 37.07ms | Status: 200
2026-04-05 22:26:39,197 | INFO | [L4_TRANSPORT] | SEGMENT_COMPLETE | Total RTT (Processing): 40.08ms | Status: 200
2026-04-05 22:26:39,200 | INFO | [L4_TRANSPORT] | SEGMENT_COMPLETE | Total RTT (Processing): 40.53ms | Status: 200
2026-04-05 22:40:00,191 | INFO | [L7_APPLICATION] | API_REQUEST_IN | Method: GET | Path: /api/v1/students/
2026-04-05 22:40:00,488 | INFO | [L6_PRESENTATION] | DE-ENCAPSULATION | Received Data PDU (Size: 0 bytes)
2026-04-05 22:40:00,660 | INFO | [DATABASE_LAYER] | ENDPOINT_CALL | GET /students/ - skip: 0, limit: 100
2026-04-05 22:40:00,899 | INFO | [DATABASE_LAYER] | SQL_QUERY | SELECT students OFFSET 0 LIMIT 100
2026-04-05 22:40:02,706 | INFO | [L7_APPLICATION] | API_REQUEST_IN | Method: GET | Path: /api/v1/drivers/
2026-04-05 22:40:02,716 | INFO | [L6_PRESENTATION] | DE-ENCAPSULATION | Received Data PDU (Size: 0 bytes)
2026-04-05 22:40:02,785 | INFO | [L7_APPLICATION] | API_REQUEST_IN | Method: GET | Path: /api/v1/bicycles/
2026-04-05 22:40:02,869 | INFO | [L6_PRESENTATION] | DE-ENCAPSULATION | Received Data PDU (Size: 0 bytes)
2026-04-05 22:40:02,914 | INFO | [L7_APPLICATION] | API_REQUEST_IN | Method: GET | Path: /api/v1/taxis/
2026-04-05 22:40:02,967 | INFO | [L6_PRESENTATION] | DE-ENCAPSULATION | Received Data PDU (Size: 0 bytes)
2026-04-05 22:40:03,056 | INFO | [L7_APPLICATION] | API_REQUEST_IN | Method: GET | Path: /api/v1/buses/
2026-04-05 22:40:03,144 | INFO | [L6_PRESENTATION] | DE-ENCAPSULATION | Received Data PDU (Size: 0 bytes)
2026-04-05 22:40:03,216 | INFO | [DATABASE_LAYER] | ENDPOINT_CALL | GET /drivers/ - skip: 0, limit: 100
2026-04-05 22:40:03,266 | INFO | [DATABASE_LAYER] | SQL_QUERY | SELECT drivers OFFSET 0 LIMIT 100
2026-04-05 22:40:03,329 | INFO | [DATABASE_LAYER] | ENDPOINT_CALL | GET /bicycles/ - skip: 0, limit: 100
2026-04-05 22:40:03,357 | INFO | [DATABASE_LAYER] | SQL_QUERY | SELECT bicycles OFFSET 0 LIMIT 100
2026-04-05 22:40:03,370 | INFO | [DATABASE_LAYER] | ENDPOINT_CALL | GET /taxis/ - skip: 0, limit: 100
2026-04-05 22:40:03,372 | INFO | [DATABASE_LAYER] | SQL_QUERY | SELECT taxis OFFSET 0 LIMIT 100
2026-04-05 22:40:03,407 | INFO | [DATABASE_LAYER] | ENDPOINT_CALL | GET /buses/ - skip: 0, limit: 100
2026-04-05 22:40:03,443 | INFO | [DATABASE_LAYER] | SQL_QUERY | SELECT buses OFFSET 0 LIMIT 100
2026-04-05 22:40:03,530 | INFO | [L4_TRANSPORT] | SEGMENT_COMPLETE | Total RTT (Processing): 3338.19ms | Status: 200
2026-04-05 22:40:03,538 | INFO | [L4_TRANSPORT] | SEGMENT_COMPLETE | Total RTT (Processing): 832.87ms | Status: 200
2026-04-05 22:40:03,541 | INFO | [L4_TRANSPORT] | SEGMENT_COMPLETE | Total RTT (Processing): 628.42ms | Status: 200
2026-04-05 22:40:03,560 | INFO | [L4_TRANSPORT] | SEGMENT_COMPLETE | Total RTT (Processing): 502.85ms | Status: 200
2026-04-05 22:40:03,687 | INFO | [L4_TRANSPORT] | SEGMENT_COMPLETE | Total RTT (Processing): 902.45ms | Status: 200
2026-04-05 22:40:03,812 | INFO | [L7_APPLICATION] | API_REQUEST_IN | Method: GET | Path: /api/v1/drivers/
2026-04-05 22:40:03,848 | INFO | [L6_PRESENTATION] | DE-ENCAPSULATION | Received Data PDU (Size: 0 bytes)
2026-04-05 22:40:03,975 | INFO | [DATABASE_LAYER] | ENDPOINT_CALL | GET /drivers/ - skip: 0, limit: 100
2026-04-05 22:40:04,002 | INFO | [DATABASE_LAYER] | SQL_QUERY | SELECT drivers OFFSET 0 LIMIT 100
2026-04-05 22:40:04,040 | INFO | [L7_APPLICATION] | API_REQUEST_IN | Method: GET | Path: /api/v1/taxis/
2026-04-05 22:40:04,062 | INFO | [L6_PRESENTATION] | DE-ENCAPSULATION | Received Data PDU (Size: 0 bytes)
2026-04-05 22:40:04,081 | INFO | [L7_APPLICATION] | API_REQUEST_IN | Method: GET | Path: /api/v1/buses/
2026-04-05 22:40:04,091 | INFO | [L6_PRESENTATION] | DE-ENCAPSULATION | Received Data PDU (Size: 0 bytes)
2026-04-05 22:40:04,150 | INFO | [DATABASE_LAYER] | ENDPOINT_CALL | GET /taxis/ - skip: 0, limit: 100
2026-04-05 22:40:04,166 | INFO | [DATABASE_LAYER] | SQL_QUERY | SELECT taxis OFFSET 0 LIMIT 100
2026-04-05 22:40:04,198 | INFO | [DATABASE_LAYER] | ENDPOINT_CALL | GET /buses/ - skip: 0, limit: 100
2026-04-05 22:40:04,210 | INFO | [DATABASE_LAYER] | SQL_QUERY | SELECT buses OFFSET 0 LIMIT 100
2026-04-05 22:40:04,307 | INFO | [L7_APPLICATION] | API_REQUEST_IN | Method: GET | Path: /api/v1/students/
2026-04-05 22:40:04,413 | INFO | [L6_PRESENTATION] | DE-ENCAPSULATION | Received Data PDU (Size: 0 bytes)
2026-04-05 22:40:04,457 | INFO | [L7_APPLICATION] | API_REQUEST_IN | Method: GET | Path: /api/v1/bicycles/
2026-04-05 22:40:04,470 | INFO | [L6_PRESENTATION] | DE-ENCAPSULATION | Received Data PDU (Size: 0 bytes)
2026-04-05 22:40:04,625 | INFO | [DATABASE_LAYER] | ENDPOINT_CALL | GET /students/ - skip: 0, limit: 100
2026-04-05 22:40:04,678 | INFO | [DATABASE_LAYER] | SQL_QUERY | SELECT students OFFSET 0 LIMIT 100
2026-04-05 22:40:04,804 | INFO | [DATABASE_LAYER] | ENDPOINT_CALL | GET /bicycles/ - skip: 0, limit: 100
2026-04-05 22:40:04,884 | INFO | [DATABASE_LAYER] | SQL_QUERY | SELECT bicycles OFFSET 0 LIMIT 100
2026-04-05 22:40:04,975 | INFO | [L4_TRANSPORT] | SEGMENT_COMPLETE | Total RTT (Processing): 1163.05ms | Status: 200
2026-04-05 22:40:05,096 | INFO | [L4_TRANSPORT] | SEGMENT_COMPLETE | Total RTT (Processing): 1056.53ms | Status: 200
2026-04-05 22:40:05,101 | INFO | [L4_TRANSPORT] | SEGMENT_COMPLETE | Total RTT (Processing): 643.75ms | Status: 200
2026-04-05 22:40:05,141 | INFO | [L4_TRANSPORT] | SEGMENT_COMPLETE | Total RTT (Processing): 1060.52ms | Status: 200
2026-04-05 22:40:05,207 | INFO | [L4_TRANSPORT] | SEGMENT_COMPLETE | Total RTT (Processing): 902.38ms | Status: 200
2026-04-08 13:17:04,496 | INFO | [L7_APPLICATION] | API_REQUEST_IN | Method: GET | Path: /api/v1/students/
2026-04-08 13:17:04,498 | INFO | [L6_PRESENTATION] | DE-ENCAPSULATION | Received Data PDU (Size: 0 bytes)
2026-04-08 13:17:04,519 | INFO | [DATABASE_LAYER] | ENDPOINT_CALL | GET /students/ - skip: 0, limit: 100
2026-04-08 13:17:04,529 | INFO | [DATABASE_LAYER] | SQL_QUERY | SELECT students OFFSET 0 LIMIT 100
2026-04-08 13:17:04,681 | INFO | [L7_APPLICATION] | API_REQUEST_IN | Method: GET | Path: /api/v1/drivers/
2026-04-08 13:17:04,691 | INFO | [L6_PRESENTATION] | DE-ENCAPSULATION | Received Data PDU (Size: 0 bytes)
2026-04-08 13:17:04,723 | INFO | [DATABASE_LAYER] | ENDPOINT_CALL | GET /drivers/ - skip: 0, limit: 100
2026-04-08 13:17:04,724 | INFO | [DATABASE_LAYER] | SQL_QUERY | SELECT drivers OFFSET 0 LIMIT 100
2026-04-08 13:17:04,755 | INFO | [L7_APPLICATION] | API_REQUEST_IN | Method: GET | Path: /api/v1/buses/
2026-04-08 13:17:04,757 | INFO | [L6_PRESENTATION] | DE-ENCAPSULATION | Received Data PDU (Size: 0 bytes)
2026-04-08 13:17:04,758 | INFO | [L7_APPLICATION] | API_REQUEST_IN | Method: GET | Path: /api/v1/taxis/
2026-04-08 13:17:04,760 | INFO | [L6_PRESENTATION] | DE-ENCAPSULATION | Received Data PDU (Size: 0 bytes)
2026-04-08 13:17:04,763 | INFO | [L7_APPLICATION] | API_REQUEST_IN | Method: GET | Path: /api/v1/bicycles/
2026-04-08 13:17:04,766 | INFO | [L6_PRESENTATION] | DE-ENCAPSULATION | Received Data PDU (Size: 0 bytes)
2026-04-08 13:17:04,791 | INFO | [DATABASE_LAYER] | ENDPOINT_CALL | GET /buses/ - skip: 0, limit: 100
2026-04-08 13:17:04,792 | INFO | [DATABASE_LAYER] | SQL_QUERY | SELECT buses OFFSET 0 LIMIT 100
2026-04-08 13:17:04,816 | INFO | [DATABASE_LAYER] | ENDPOINT_CALL | GET /taxis/ - skip: 0, limit: 100
2026-04-08 13:17:04,820 | INFO | [DATABASE_LAYER] | SQL_QUERY | SELECT taxis OFFSET 0 LIMIT 100
2026-04-08 13:17:04,882 | INFO | [DATABASE_LAYER] | ENDPOINT_CALL | GET /bicycles/ - skip: 0, limit: 100
2026-04-08 13:17:04,890 | INFO | [DATABASE_LAYER] | SQL_QUERY | SELECT bicycles OFFSET 0 LIMIT 100
2026-04-08 13:17:04,974 | INFO | [L4_TRANSPORT] | SEGMENT_COMPLETE | Total RTT (Processing): 477.94ms | Status: 200
2026-04-08 13:17:05,038 | INFO | [L7_APPLICATION] | API_REQUEST_IN | Method: GET | Path: /api/v1/students/
2026-04-08 13:17:05,091 | INFO | [L6_PRESENTATION] | DE-ENCAPSULATION | Received Data PDU (Size: 0 bytes)
2026-04-08 13:17:05,180 | INFO | [DATABASE_LAYER] | ENDPOINT_CALL | GET /students/ - skip: 0, limit: 100
2026-04-08 13:17:05,220 | INFO | [DATABASE_LAYER] | SQL_QUERY | SELECT students OFFSET 0 LIMIT 100
2026-04-08 13:17:05,271 | INFO | [L4_TRANSPORT] | SEGMENT_COMPLETE | Total RTT (Processing): 233.46ms | Status: 200
2026-04-08 13:17:05,551 | INFO | [L4_TRANSPORT] | SEGMENT_COMPLETE | Total RTT (Processing): 872.74ms | Status: 200
2026-04-08 13:17:05,559 | INFO | [L4_TRANSPORT] | SEGMENT_COMPLETE | Total RTT (Processing): 801.66ms | Status: 200
2026-04-08 13:17:05,564 | INFO | [L7_APPLICATION] | API_REQUEST_IN | Method: GET | Path: /api/v1/drivers/
2026-04-08 13:17:05,566 | INFO | [L6_PRESENTATION] | DE-ENCAPSULATION | Received Data PDU (Size: 0 bytes)
2026-04-08 13:17:05,571 | INFO | [L4_TRANSPORT] | SEGMENT_COMPLETE | Total RTT (Processing): 808.13ms | Status: 200
2026-04-08 13:17:05,586 | INFO | [DATABASE_LAYER] | ENDPOINT_CALL | GET /drivers/ - skip: 0, limit: 100
2026-04-08 13:17:05,588 | INFO | [DATABASE_LAYER] | SQL_QUERY | SELECT drivers OFFSET 0 LIMIT 100
2026-04-08 13:17:05,606 | INFO | [L4_TRANSPORT] | SEGMENT_COMPLETE | Total RTT (Processing): 851.69ms | Status: 200
2026-04-08 13:17:05,614 | INFO | [L7_APPLICATION] | API_REQUEST_IN | Method: GET | Path: /api/v1/taxis/
2026-04-08 13:17:05,618 | INFO | [L6_PRESENTATION] | DE-ENCAPSULATION | Received Data PDU (Size: 0 bytes)
2026-04-08 13:17:05,631 | INFO | [DATABASE_LAYER] | ENDPOINT_CALL | GET /taxis/ - skip: 0, limit: 100
2026-04-08 13:17:05,643 | INFO | [DATABASE_LAYER] | SQL_QUERY | SELECT taxis OFFSET 0 LIMIT 100
2026-04-08 13:17:05,665 | INFO | [L7_APPLICATION] | API_REQUEST_IN | Method: GET | Path: /api/v1/bicycles/
2026-04-08 13:17:05,669 | INFO | [L6_PRESENTATION] | DE-ENCAPSULATION | Received Data PDU (Size: 0 bytes)
2026-04-08 13:17:05,674 | INFO | [DATABASE_LAYER] | ENDPOINT_CALL | GET /bicycles/ - skip: 0, limit: 100
2026-04-08 13:17:05,680 | INFO | [DATABASE_LAYER] | SQL_QUERY | SELECT bicycles OFFSET 0 LIMIT 100
2026-04-08 13:17:05,691 | INFO | [L7_APPLICATION] | API_REQUEST_IN | Method: GET | Path: /api/v1/buses/
2026-04-08 13:17:05,692 | INFO | [L6_PRESENTATION] | DE-ENCAPSULATION | Received Data PDU (Size: 0 bytes)
2026-04-08 13:17:05,695 | INFO | [DATABASE_LAYER] | ENDPOINT_CALL | GET /buses/ - skip: 0, limit: 100
2026-04-08 13:17:05,698 | INFO | [DATABASE_LAYER] | SQL_QUERY | SELECT buses OFFSET 0 LIMIT 100
2026-04-08 13:17:05,705 | INFO | [L4_TRANSPORT] | SEGMENT_COMPLETE | Total RTT (Processing): 140.00ms | Status: 200
2026-04-08 13:17:05,737 | INFO | [L4_TRANSPORT] | SEGMENT_COMPLETE | Total RTT (Processing): 123.00ms | Status: 200
2026-04-08 13:17:05,754 | INFO | [L4_TRANSPORT] | SEGMENT_COMPLETE | Total RTT (Processing): 90.95ms | Status: 200
2026-04-08 13:17:05,756 | INFO | [L4_TRANSPORT] | SEGMENT_COMPLETE | Total RTT (Processing): 65.01ms | Status: 200
2026-04-08 13:31:41,383 | INFO | [L7_APPLICATION] | API_REQUEST_IN | Method: POST | Path: /api/v1/drivers/
2026-04-08 13:31:41,384 | INFO | [L6_PRESENTATION] | DE-ENCAPSULATION | Received Data PDU (Size: 106 bytes)
2026-04-08 13:31:41,389 | INFO | [DATABASE_LAYER] | ENDPOINT_CALL | POST /drivers/ - driver_id: A43232
2026-04-08 13:31:41,390 | INFO | [DATABASE_LAYER] | SQL_QUERY | SELECT/UPSERT driver WHERE driver_id='A43232'
2026-04-08 13:31:41,465 | INFO | [L4_TRANSPORT] | SEGMENT_COMPLETE | Total RTT (Processing): 81.57ms | Status: 200
2026-04-08 13:31:41,476 | INFO | [L7_APPLICATION] | API_REQUEST_IN | Method: GET | Path: /api/v1/drivers/
2026-04-08 13:31:41,477 | INFO | [L6_PRESENTATION] | DE-ENCAPSULATION | Received Data PDU (Size: 0 bytes)
2026-04-08 13:31:41,478 | INFO | [DATABASE_LAYER] | ENDPOINT_CALL | GET /drivers/ - skip: 0, limit: 100
2026-04-08 13:31:41,479 | INFO | [DATABASE_LAYER] | SQL_QUERY | SELECT drivers OFFSET 0 LIMIT 100
2026-04-08 13:31:41,483 | INFO | [L4_TRANSPORT] | SEGMENT_COMPLETE | Total RTT (Processing): 6.12ms | Status: 200
2026-06-09 00:03:21,414 | INFO | [L7_APPLICATION] | API_REQUEST_IN | Method: GET | Path: /docs
2026-06-09 00:03:21,415 | INFO | [L6_PRESENTATION] | DE-ENCAPSULATION | Received Data PDU (Size: 0 bytes)
2026-06-09 00:03:21,415 | INFO | [L4_TRANSPORT] | SEGMENT_COMPLETE | Total RTT (Processing): 1.54ms | Status: 200
2026-06-09 00:03:29,156 | INFO | [L7_APPLICATION] | API_REQUEST_IN | Method: GET | Path: /docs
2026-06-09 00:03:29,157 | INFO | [L6_PRESENTATION] | DE-ENCAPSULATION | Received Data PDU (Size: 0 bytes)
2026-06-09 00:03:29,157 | INFO | [L4_TRANSPORT] | SEGMENT_COMPLETE | Total RTT (Processing): 0.63ms | Status: 200
2026-06-09 00:03:29,868 | INFO | [L7_APPLICATION] | API_REQUEST_IN | Method: GET | Path: /docs
2026-06-09 00:03:29,868 | INFO | [L6_PRESENTATION] | DE-ENCAPSULATION | Received Data PDU (Size: 0 bytes)
2026-06-09 00:03:29,868 | INFO | [L4_TRANSPORT] | SEGMENT_COMPLETE | Total RTT (Processing): 0.65ms | Status: 200
2026-06-09 00:03:42,396 | INFO | [L7_APPLICATION] | API_REQUEST_IN | Method: GET | Path: /docs
2026-06-09 00:03:42,396 | INFO | [L6_PRESENTATION] | DE-ENCAPSULATION | Received Data PDU (Size: 0 bytes)
2026-06-09 00:03:42,397 | INFO | [L4_TRANSPORT] | SEGMENT_COMPLETE | Total RTT (Processing): 0.64ms | Status: 200
2026-06-09 00:03:43,104 | INFO | [L7_APPLICATION] | API_REQUEST_IN | Method: GET | Path: /docs
2026-06-09 00:03:43,104 | INFO | [L6_PRESENTATION] | DE-ENCAPSULATION | Received Data PDU (Size: 0 bytes)
2026-06-09 00:03:43,105 | INFO | [L4_TRANSPORT] | SEGMENT_COMPLETE | Total RTT (Processing): 0.91ms | Status: 200
2026-06-09 00:03:46,806 | INFO | [L7_APPLICATION] | API_REQUEST_IN | Method: GET | Path: /
2026-06-09 00:03:46,807 | INFO | [L6_PRESENTATION] | DE-ENCAPSULATION | Received Data PDU (Size: 0 bytes)
2026-06-09 00:03:46,807 | INFO | [L4_TRANSPORT] | SEGMENT_COMPLETE | Total RTT (Processing): 0.96ms | Status: 404
2026-06-09 00:03:46,854 | INFO | [L7_APPLICATION] | API_REQUEST_IN | Method: GET | Path: /favicon.ico
2026-06-09 00:03:46,855 | INFO | [L6_PRESENTATION] | DE-ENCAPSULATION | Received Data PDU (Size: 0 bytes)
2026-06-09 00:03:46,856 | INFO | [L4_TRANSPORT] | SEGMENT_COMPLETE | Total RTT (Processing): 1.29ms | Status: 404
2026-06-09 00:03:56,639 | INFO | [L7_APPLICATION] | API_REQUEST_IN | Method: GET | Path: /docs
2026-06-09 00:03:56,640 | INFO | [L6_PRESENTATION] | DE-ENCAPSULATION | Received Data PDU (Size: 0 bytes)
2026-06-09 00:03:56,640 | INFO | [L4_TRANSPORT] | SEGMENT_COMPLETE | Total RTT (Processing): 0.86ms | Status: 200
2026-06-09 00:05:44,794 | INFO | [L7_APPLICATION] | API_REQUEST_IN | Method: GET | Path: /docs
2026-06-09 00:05:44,795 | INFO | [L6_PRESENTATION] | DE-ENCAPSULATION | Received Data PDU (Size: 0 bytes)
2026-06-09 00:05:44,795 | INFO | [L4_TRANSPORT] | SEGMENT_COMPLETE | Total RTT (Processing): 1.01ms | Status: 200
2026-06-09 00:06:03,168 | INFO | [L7_APPLICATION] | API_REQUEST_IN | Method: GET | Path: /redoc
2026-06-09 00:06:03,168 | INFO | [L6_PRESENTATION] | DE-ENCAPSULATION | Received Data PDU (Size: 0 bytes)
2026-06-09 00:06:03,169 | INFO | [L4_TRANSPORT] | SEGMENT_COMPLETE | Total RTT (Processing): 1.19ms | Status: 200
2026-06-09 00:06:05,460 | INFO | [L7_APPLICATION] | API_REQUEST_IN | Method: GET | Path: /redoc
2026-06-09 00:06:05,460 | INFO | [L6_PRESENTATION] | DE-ENCAPSULATION | Received Data PDU (Size: 0 bytes)
2026-06-09 00:06:05,461 | INFO | [L4_TRANSPORT] | SEGMENT_COMPLETE | Total RTT (Processing): 0.82ms | Status: 200
2026-06-09 00:06:05,983 | INFO | [L7_APPLICATION] | API_REQUEST_IN | Method: GET | Path: /redoc
2026-06-09 00:06:05,983 | INFO | [L6_PRESENTATION] | DE-ENCAPSULATION | Received Data PDU (Size: 0 bytes)
2026-06-09 00:06:05,983 | INFO | [L4_TRANSPORT] | SEGMENT_COMPLETE | Total RTT (Processing): 0.63ms | Status: 200
2026-06-09 00:06:20,885 | INFO | [L7_APPLICATION] | API_REQUEST_IN | Method: GET | Path: /docs
2026-06-09 00:06:20,886 | INFO | [L6_PRESENTATION] | DE-ENCAPSULATION | Received Data PDU (Size: 0 bytes)
2026-06-09 00:06:20,886 | INFO | [L4_TRANSPORT] | SEGMENT_COMPLETE | Total RTT (Processing): 0.71ms | Status: 200
2026-06-09 00:06:22,921 | INFO | [L7_APPLICATION] | API_REQUEST_IN | Method: GET | Path: /docs
2026-06-09 00:06:22,921 | INFO | [L6_PRESENTATION] | DE-ENCAPSULATION | Received Data PDU (Size: 0 bytes)
2026-06-09 00:06:22,921 | INFO | [L4_TRANSPORT] | SEGMENT_COMPLETE | Total RTT (Processing): 0.76ms | Status: 200
2026-06-09 00:06:23,473 | INFO | [L7_APPLICATION] | API_REQUEST_IN | Method: GET | Path: /docs
2026-06-09 00:06:23,473 | INFO | [L6_PRESENTATION] | DE-ENCAPSULATION | Received Data PDU (Size: 0 bytes)
2026-06-09 00:06:23,474 | INFO | [L4_TRANSPORT] | SEGMENT_COMPLETE | Total RTT (Processing): 0.61ms | Status: 200
2026-06-09 00:06:46,234 | INFO | [L7_APPLICATION] | API_REQUEST_IN | Method: GET | Path: /docs
2026-06-09 00:06:46,234 | INFO | [L6_PRESENTATION] | DE-ENCAPSULATION | Received Data PDU (Size: 0 bytes)
2026-06-09 00:06:46,235 | INFO | [L4_TRANSPORT] | SEGMENT_COMPLETE | Total RTT (Processing): 0.62ms | Status: 200
2026-06-09 00:06:46,849 | INFO | [L7_APPLICATION] | API_REQUEST_IN | Method: GET | Path: /docs
2026-06-09 00:06:46,850 | INFO | [L6_PRESENTATION] | DE-ENCAPSULATION | Received Data PDU (Size: 0 bytes)
2026-06-09 00:06:46,850 | INFO | [L4_TRANSPORT] | SEGMENT_COMPLETE | Total RTT (Processing): 0.84ms | Status: 200
2026-06-09 00:07:44,104 | INFO | [L7_APPLICATION] | API_REQUEST_IN | Method: GET | Path: /docs
2026-06-09 00:07:44,105 | INFO | [L6_PRESENTATION] | DE-ENCAPSULATION | Received Data PDU (Size: 0 bytes)
2026-06-09 00:07:44,105 | INFO | [L4_TRANSPORT] | SEGMENT_COMPLETE | Total RTT (Processing): 0.81ms | Status: 200
2026-06-09 00:08:21,269 | INFO | [L7_APPLICATION] | API_REQUEST_IN | Method: GET | Path: /
2026-06-09 00:08:21,269 | INFO | [L6_PRESENTATION] | DE-ENCAPSULATION | Received Data PDU (Size: 0 bytes)
2026-06-09 00:08:21,270 | INFO | [L4_TRANSPORT] | SEGMENT_COMPLETE | Total RTT (Processing): 0.90ms | Status: 404
2026-06-09 00:09:32,400 | INFO | [L7_APPLICATION] | API_REQUEST_IN | Method: GET | Path: /openapi.json
2026-06-09 00:09:32,400 | INFO | [L6_PRESENTATION] | DE-ENCAPSULATION | Received Data PDU (Size: 0 bytes)
2026-06-09 00:09:32,453 | INFO | [L4_TRANSPORT] | SEGMENT_COMPLETE | Total RTT (Processing): 53.02ms | Status: 200
2026-06-09 00:09:57,935 | INFO | [L7_APPLICATION] | API_REQUEST_IN | Method: GET | Path: /docs
2026-06-09 00:09:57,936 | INFO | [L6_PRESENTATION] | DE-ENCAPSULATION | Received Data PDU (Size: 0 bytes)
2026-06-09 00:09:57,936 | INFO | [L4_TRANSPORT] | SEGMENT_COMPLETE | Total RTT (Processing): 0.68ms | Status: 200
2026-06-09 00:10:02,816 | INFO | [L7_APPLICATION] | API_REQUEST_IN | Method: GET | Path: /docs
2026-06-09 00:10:02,816 | INFO | [L6_PRESENTATION] | DE-ENCAPSULATION | Received Data PDU (Size: 0 bytes)
2026-06-09 00:10:02,816 | INFO | [L4_TRANSPORT] | SEGMENT_COMPLETE | Total RTT (Processing): 0.63ms | Status: 200
2026-06-09 00:10:03,249 | INFO | [L7_APPLICATION] | API_REQUEST_IN | Method: GET | Path: /docs
2026-06-09 00:10:03,249 | INFO | [L6_PRESENTATION] | DE-ENCAPSULATION | Received Data PDU (Size: 0 bytes)
2026-06-09 00:10:03,250 | INFO | [L4_TRANSPORT] | SEGMENT_COMPLETE | Total RTT (Processing): 0.97ms | Status: 200
2026-06-09 00:10:13,708 | INFO | [L7_APPLICATION] | API_REQUEST_IN | Method: GET | Path: /doce
2026-06-09 00:10:13,709 | INFO | [L6_PRESENTATION] | DE-ENCAPSULATION | Received Data PDU (Size: 0 bytes)
2026-06-09 00:10:13,709 | INFO | [L4_TRANSPORT] | SEGMENT_COMPLETE | Total RTT (Processing): 0.75ms | Status: 404
2026-06-09 00:10:18,126 | INFO | [L7_APPLICATION] | API_REQUEST_IN | Method: GET | Path: /docs
2026-06-09 00:10:18,126 | INFO | [L6_PRESENTATION] | DE-ENCAPSULATION | Received Data PDU (Size: 0 bytes)
2026-06-09 00:10:18,127 | INFO | [L4_TRANSPORT] | SEGMENT_COMPLETE | Total RTT (Processing): 0.80ms | Status: 200
2026-06-09 00:11:02,264 | INFO | [L7_APPLICATION] | API_REQUEST_IN | Method: GET | Path: /docs
2026-06-09 00:11:02,265 | INFO | [L6_PRESENTATION] | DE-ENCAPSULATION | Received Data PDU (Size: 0 bytes)
2026-06-09 00:11:02,265 | INFO | [L4_TRANSPORT] | SEGMENT_COMPLETE | Total RTT (Processing): 0.84ms | Status: 200
2026-06-09 00:11:35,488 | INFO | [L7_APPLICATION] | API_REQUEST_IN | Method: GET | Path: /docs
2026-06-09 00:11:35,489 | INFO | [L6_PRESENTATION] | DE-ENCAPSULATION | Received Data PDU (Size: 0 bytes)
2026-06-09 00:11:35,489 | INFO | [L4_TRANSPORT] | SEGMENT_COMPLETE | Total RTT (Processing): 0.67ms | Status: 200
2026-06-09 00:11:36,552 | INFO | [L7_APPLICATION] | API_REQUEST_IN | Method: GET | Path: /docs
2026-06-09 00:11:36,552 | INFO | [L6_PRESENTATION] | DE-ENCAPSULATION | Received Data PDU (Size: 0 bytes)
2026-06-09 00:11:36,552 | INFO | [L4_TRANSPORT] | SEGMENT_COMPLETE | Total RTT (Processing): 0.87ms | Status: 200
2026-06-09 00:13:13,545 | INFO | [L7_APPLICATION] | API_REQUEST_IN | Method: GET | Path: /docs
2026-06-09 00:13:13,546 | INFO | [L6_PRESENTATION] | DE-ENCAPSULATION | Received Data PDU (Size: 0 bytes)
2026-06-09 00:13:13,546 | INFO | [L4_TRANSPORT] | SEGMENT_COMPLETE | Total RTT (Processing): 1.02ms | Status: 200
2026-06-09 00:14:49,056 | INFO | [L7_APPLICATION] | API_REQUEST_IN | Method: GET | Path: /docs
2026-06-09 00:14:49,056 | INFO | [L6_PRESENTATION] | DE-ENCAPSULATION | Received Data PDU (Size: 0 bytes)
2026-06-09 00:14:49,057 | INFO | [L4_TRANSPORT] | SEGMENT_COMPLETE | Total RTT (Processing): 0.78ms | Status: 200
2026-06-09 00:14:49,655 | INFO | [L7_APPLICATION] | API_REQUEST_IN | Method: GET | Path: /docs
2026-06-09 00:14:49,655 | INFO | [L6_PRESENTATION] | DE-ENCAPSULATION | Received Data PDU (Size: 0 bytes)
2026-06-09 00:14:49,656 | INFO | [L4_TRANSPORT] | SEGMENT_COMPLETE | Total RTT (Processing): 0.73ms | Status: 200
2026-06-09 11:38:08,828 | INFO | [L7_APPLICATION] | API_REQUEST_IN | Method: GET | Path: /docs
2026-06-09 11:38:08,829 | INFO | [L6_PRESENTATION] | DE-ENCAPSULATION | Received Data PDU (Size: 0 bytes)
2026-06-09 11:38:08,832 | INFO | [L4_TRANSPORT] | SEGMENT_COMPLETE | Total RTT (Processing): 3.60ms | Status: 200
2026-06-09 11:38:10,991 | INFO | [L7_APPLICATION] | API_REQUEST_IN | Method: GET | Path: /docs
2026-06-09 11:38:10,991 | INFO | [L6_PRESENTATION] | DE-ENCAPSULATION | Received Data PDU (Size: 0 bytes)
2026-06-09 11:38:10,992 | INFO | [L4_TRANSPORT] | SEGMENT_COMPLETE | Total RTT (Processing): 0.78ms | Status: 200
2026-06-09 11:38:11,602 | INFO | [L7_APPLICATION] | API_REQUEST_IN | Method: GET | Path: /docs
2026-06-09 11:38:11,603 | INFO | [L6_PRESENTATION] | DE-ENCAPSULATION | Received Data PDU (Size: 0 bytes)
2026-06-09 11:38:11,603 | INFO | [L4_TRANSPORT] | SEGMENT_COMPLETE | Total RTT (Processing): 0.63ms | Status: 200
2026-06-09 11:38:12,099 | INFO | [L7_APPLICATION] | API_REQUEST_IN | Method: GET | Path: /docs
2026-06-09 11:38:12,099 | INFO | [L6_PRESENTATION] | DE-ENCAPSULATION | Received Data PDU (Size: 0 bytes)
2026-06-09 11:38:12,100 | INFO | [L4_TRANSPORT] | SEGMENT_COMPLETE | Total RTT (Processing): 0.69ms | Status: 200
2026-06-09 11:38:12,514 | INFO | [L7_APPLICATION] | API_REQUEST_IN | Method: GET | Path: /docs
2026-06-09 11:38:12,514 | INFO | [L6_PRESENTATION] | DE-ENCAPSULATION | Received Data PDU (Size: 0 bytes)
2026-06-09 11:38:12,514 | INFO | [L4_TRANSPORT] | SEGMENT_COMPLETE | Total RTT (Processing): 0.70ms | Status: 200
2026-06-09 11:38:13,477 | INFO | [L7_APPLICATION] | API_REQUEST_IN | Method: GET | Path: /docs
2026-06-09 11:38:13,478 | INFO | [L6_PRESENTATION] | DE-ENCAPSULATION | Received Data PDU (Size: 0 bytes)
2026-06-09 11:38:13,478 | INFO | [L4_TRANSPORT] | SEGMENT_COMPLETE | Total RTT (Processing): 0.81ms | Status: 200
2026-06-09 11:39:34,936 | INFO | [L7_APPLICATION] | API_REQUEST_IN | Method: GET | Path: /api/v1/students/
2026-06-09 11:39:34,936 | INFO | [L6_PRESENTATION] | DE-ENCAPSULATION | Received Data PDU (Size: 0 bytes)
2026-06-09 11:39:34,939 | INFO | [DATABASE_LAYER] | ENDPOINT_CALL | GET /students/ - skip: 0, limit: 100
2026-06-09 11:39:34,940 | INFO | [DATABASE_LAYER] | SQL_QUERY | SELECT students OFFSET 0 LIMIT 100
2026-06-09 11:39:34,949 | INFO | [L7_APPLICATION] | API_REQUEST_IN | Method: GET | Path: /api/v1/buses/
2026-06-09 11:39:34,949 | INFO | [L6_PRESENTATION] | DE-ENCAPSULATION | Received Data PDU (Size: 0 bytes)
2026-06-09 11:39:34,950 | INFO | [L7_APPLICATION] | API_REQUEST_IN | Method: GET | Path: /api/v1/taxis/
2026-06-09 11:39:34,950 | INFO | [L6_PRESENTATION] | DE-ENCAPSULATION | Received Data PDU (Size: 0 bytes)
2026-06-09 11:39:34,950 | INFO | [L7_APPLICATION] | API_REQUEST_IN | Method: GET | Path: /api/v1/drivers/
2026-06-09 11:39:34,951 | INFO | [L6_PRESENTATION] | DE-ENCAPSULATION | Received Data PDU (Size: 0 bytes)
2026-06-09 11:39:34,952 | INFO | [DATABASE_LAYER] | ENDPOINT_CALL | GET /buses/ - skip: 0, limit: 100
2026-06-09 11:39:34,953 | INFO | [DATABASE_LAYER] | SQL_QUERY | SELECT buses OFFSET 0 LIMIT 100
2026-06-09 11:39:34,955 | INFO | [DATABASE_LAYER] | ENDPOINT_CALL | GET /taxis/ - skip: 0, limit: 100
2026-06-09 11:39:34,956 | INFO | [DATABASE_LAYER] | SQL_QUERY | SELECT taxis OFFSET 0 LIMIT 100
2026-06-09 11:39:34,959 | INFO | [DATABASE_LAYER] | ENDPOINT_CALL | GET /drivers/ - skip: 0, limit: 100
2026-06-09 11:39:34,959 | INFO | [DATABASE_LAYER] | SQL_QUERY | SELECT drivers OFFSET 0 LIMIT 100
2026-06-09 11:39:34,962 | INFO | [L7_APPLICATION] | API_REQUEST_IN | Method: GET | Path: /api/v1/bicycles/
2026-06-09 11:39:34,962 | INFO | [L6_PRESENTATION] | DE-ENCAPSULATION | Received Data PDU (Size: 0 bytes)
2026-06-09 11:39:34,964 | INFO | [DATABASE_LAYER] | ENDPOINT_CALL | GET /bicycles/ - skip: 0, limit: 100
2026-06-09 11:39:34,964 | INFO | [DATABASE_LAYER] | SQL_QUERY | SELECT bicycles OFFSET 0 LIMIT 100
2026-06-09 11:39:35,077 | INFO | [L4_TRANSPORT] | SEGMENT_COMPLETE | Total RTT (Processing): 141.02ms | Status: 200
2026-06-09 11:39:35,079 | INFO | [L7_APPLICATION] | API_REQUEST_IN | Method: GET | Path: /api/v1/students/
2026-06-09 11:39:35,079 | INFO | [L6_PRESENTATION] | DE-ENCAPSULATION | Received Data PDU (Size: 0 bytes)
2026-06-09 11:39:35,080 | INFO | [DATABASE_LAYER] | ENDPOINT_CALL | GET /students/ - skip: 0, limit: 100
2026-06-09 11:39:35,080 | INFO | [DATABASE_LAYER] | SQL_QUERY | SELECT students OFFSET 0 LIMIT 100
2026-06-09 11:39:35,554 | INFO | [L4_TRANSPORT] | SEGMENT_COMPLETE | Total RTT (Processing): 605.11ms | Status: 200
2026-06-09 11:39:35,556 | INFO | [L7_APPLICATION] | API_REQUEST_IN | Method: GET | Path: /api/v1/buses/
2026-06-09 11:39:35,556 | INFO | [L6_PRESENTATION] | DE-ENCAPSULATION | Received Data PDU (Size: 0 bytes)
2026-06-09 11:39:35,557 | INFO | [DATABASE_LAYER] | ENDPOINT_CALL | GET /buses/ - skip: 0, limit: 100
2026-06-09 11:39:35,557 | INFO | [DATABASE_LAYER] | SQL_QUERY | SELECT buses OFFSET 0 LIMIT 100
2026-06-09 11:39:35,594 | INFO | [L4_TRANSPORT] | SEGMENT_COMPLETE | Total RTT (Processing): 632.32ms | Status: 200
2026-06-09 11:39:35,595 | INFO | [L4_TRANSPORT] | SEGMENT_COMPLETE | Total RTT (Processing): 644.50ms | Status: 200
2026-06-09 11:39:35,598 | INFO | [L7_APPLICATION] | API_REQUEST_IN | Method: GET | Path: /api/v1/bicycles/
2026-06-09 11:39:35,598 | INFO | [L6_PRESENTATION] | DE-ENCAPSULATION | Received Data PDU (Size: 0 bytes)
2026-06-09 11:39:35,598 | INFO | [DATABASE_LAYER] | ENDPOINT_CALL | GET /bicycles/ - skip: 0, limit: 100
2026-06-09 11:39:35,599 | INFO | [DATABASE_LAYER] | SQL_QUERY | SELECT bicycles OFFSET 0 LIMIT 100
2026-06-09 11:39:35,599 | INFO | [L7_APPLICATION] | API_REQUEST_IN | Method: GET | Path: /api/v1/drivers/
2026-06-09 11:39:35,600 | INFO | [L6_PRESENTATION] | DE-ENCAPSULATION | Received Data PDU (Size: 0 bytes)
2026-06-09 11:39:35,600 | INFO | [DATABASE_LAYER] | ENDPOINT_CALL | GET /drivers/ - skip: 0, limit: 100
2026-06-09 11:39:35,601 | INFO | [DATABASE_LAYER] | SQL_QUERY | SELECT drivers OFFSET 0 LIMIT 100
2026-06-09 11:39:35,638 | INFO | [L4_TRANSPORT] | SEGMENT_COMPLETE | Total RTT (Processing): 688.62ms | Status: 200
2026-06-09 11:39:35,640 | INFO | [L7_APPLICATION] | API_REQUEST_IN | Method: GET | Path: /api/v1/taxis/
2026-06-09 11:39:35,640 | INFO | [L6_PRESENTATION] | DE-ENCAPSULATION | Received Data PDU (Size: 0 bytes)
2026-06-09 11:39:35,641 | INFO | [DATABASE_LAYER] | ENDPOINT_CALL | GET /taxis/ - skip: 0, limit: 100
2026-06-09 11:39:35,641 | INFO | [DATABASE_LAYER] | SQL_QUERY | SELECT taxis OFFSET 0 LIMIT 100
2026-06-09 11:39:35,666 | INFO | [L4_TRANSPORT] | SEGMENT_COMPLETE | Total RTT (Processing): 109.85ms | Status: 200
2026-06-09 11:39:35,707 | INFO | [L4_TRANSPORT] | SEGMENT_COMPLETE | Total RTT (Processing): 627.60ms | Status: 200
2026-06-09 11:39:35,733 | INFO | [L4_TRANSPORT] | SEGMENT_COMPLETE | Total RTT (Processing): 135.02ms | Status: 200
2026-06-09 11:39:35,777 | INFO | [L4_TRANSPORT] | SEGMENT_COMPLETE | Total RTT (Processing): 136.87ms | Status: 200
2026-06-09 11:39:36,090 | INFO | [L4_TRANSPORT] | SEGMENT_COMPLETE | Total RTT (Processing): 490.15ms | Status: 200
2026-06-11 23:30:22,147 | INFO | [L7_APPLICATION] | API_REQUEST_IN | Method: GET | Path: /docs
2026-06-11 23:30:22,148 | INFO | [L6_PRESENTATION] | DE-ENCAPSULATION | Received Data PDU (Size: 0 bytes)
2026-06-11 23:30:22,149 | INFO | [L4_TRANSPORT] | SEGMENT_COMPLETE | Total RTT (Processing): 2.29ms | Status: 200
2026-06-11 23:30:23,317 | INFO | [L7_APPLICATION] | API_REQUEST_IN | Method: GET | Path: /openapi.json
2026-06-11 23:30:23,317 | INFO | [L6_PRESENTATION] | DE-ENCAPSULATION | Received Data PDU (Size: 0 bytes)
2026-06-11 23:30:23,376 | INFO | [L4_TRANSPORT] | SEGMENT_COMPLETE | Total RTT (Processing): 59.90ms | Status: 200
